[12:42:20] [main/INFO] (FabricLoader/GameProvider) Loading Minecraft 1.21.5 with Fabric Loader 0.16.14
[12:42:21] [main/INFO] (FabricLoader) Loading 55 mods:
	- fabric-api 0.122.0+1.21.5
	- fabric-api-base 0.4.62+73a52b4b49
	- fabric-api-lookup-api-v1 1.6.96+86c3a9f149
	- fabric-biome-api-v1 16.0.7+2dd063df49
	- fabric-block-api-v1 1.0.37+86c3a9f149
	- fabric-block-view-api-v2 1.0.26+aa6d566c49
	- fabric-blockrenderlayer-v1 2.0.16+86c3a9f149
	- fabric-client-gametest-api-v1 4.2.0+dac2d6e349
	- fabric-client-tags-api-v1 1.1.37+86c3a9f149
	- fabric-command-api-v1 1.2.70+f71b366f49
	- fabric-command-api-v2 2.2.49+73a52b4b49
	- fabric-commands-v0 0.2.87+df3654b349
	- fabric-content-registries-v0 10.0.13+3e6c1f7d49
	- fabric-convention-tags-v1 2.1.30+7f945d5b49
	- fabric-convention-tags-v2 2.14.4+fca633a049
	- fabric-crash-report-info-v1 0.3.12+86c3a9f149
	- fabric-data-attachment-api-v1 1.7.1+3848f36e49
	- fabric-data-generation-api-v1 22.3.5+fd2b524049
	- fabric-dimensions-v1 4.0.17+3e6c1f7d49
	- fabric-entity-events-v1 2.0.25+27c1078f49
	- fabric-events-interaction-v0 4.0.13+73a52b4b49
	- fabric-game-rule-api-v1 1.0.70+c327076a49
	- fabric-gametest-api-v1 3.1.2+2a6ec84b49
	- fabric-item-api-v1 11.4.0+e46fd76a49
	- fabric-item-group-api-v1 4.2.8+3459fc6149
	- fabric-key-binding-api-v1 1.0.63+ecf51cdc49
	- fabric-keybindings-v0 0.2.61+df3654b349
	- fabric-lifecycle-events-v1 2.6.0+230071a049
	- fabric-loot-api-v2 3.0.47+3f89f5a549
	- fabric-loot-api-v3 1.0.35+86c3a9f149
	- fabric-message-api-v1 6.0.33+86c3a9f149
	- fabric-model-loading-api-v1 5.2.0+c982b95149
	- fabric-networking-api-v1 4.4.0+f3ffa98949
	- fabric-object-builder-api-v1 21.0.0+7b20cbb049
	- fabric-particles-v1 4.1.1+112e550e49
	- fabric-recipe-api-v1 8.1.6+052a85d049
	- fabric-registry-sync-v0 6.1.20+b556383249
	- fabric-renderer-api-v1 6.0.2+c982b95149
	- fabric-renderer-indigo 3.0.3+3e6c1f7d49
	- fabric-rendering-data-attachment-v1 0.3.64+73761d2e49
	- fabric-rendering-fluids-v1 3.1.27+86c3a9f149
	- fabric-rendering-v1 11.1.11+5490746649
	- fabric-resource-conditions-api-v1 5.0.21+73a52b4b49
	- fabric-resource-loader-v0 3.1.6+02ca679649
	- fabric-screen-api-v1 2.0.46+86c3a9f149
	- fabric-screen-handler-api-v1 1.3.127+c327076a49
	- fabric-sound-api-v1 1.0.38+86c3a9f149
	- fabric-tag-api-v1 1.0.16+ecf51cdc49
	- fabric-transfer-api-v1 5.4.24+7b20cbb049
	- fabric-transitive-access-wideners-v1 6.3.17+f17a180c49
	- fabricloader 0.16.14
	- java 21
	- minecraft 1.21.5
	- mixinextras 0.4.1
	- orthocontrols 1.0-SNAPSHOT
[12:42:21] [main/INFO] (FabricLoader/Mixin) SpongePowered MIXIN Subsystem Version=0.8.7 Source=file:/C:/Users/Dell/.gradle/caches/modules-2/files-2.1/net.fabricmc/sponge-mixin/0.15.5+mixin.0.8.7/22f9eb729e216a091673a574a5906dc1b9027fb3/sponge-mixin-0.15.5+mixin.0.8.7.jar Service=Knot/Fabric Env=CLIENT
[12:42:21] [main/INFO] (FabricLoader/Mixin) Loaded Fabric development mappings for mixin remapper!
[12:42:21] [main/INFO] (FabricLoader/Mixin) Compatibility level set to JAVA_21
[12:42:24] [main/INFO] (FabricLoader/MixinExtras|Service) Initializing MixinExtras via com.llamalad7.mixinextras.service.MixinExtrasServiceImpl(version=0.4.1).
[12:42:30] [Datafixer Bootstrap/INFO] (Minecraft) 263 Datafixer optimizations took 4616 milliseconds
[12:42:38] [Render thread/INFO] (Minecraft) Environment: Environment[sessionHost=https://sessionserver.mojang.com, servicesHost=https://api.minecraftservices.com, name=PROD]
[12:42:38] [Render thread/INFO] (Minecraft) Setting user: Player275
[12:42:38] [Render thread/INFO] (Indigo) [Indigo] Registering Indigo renderer!
[12:42:39] [Render thread/INFO] (Minecraft) Backend library: LWJGL version 3.3.3-snapshot
[12:42:40] [Render thread/INFO] (Minecraft) Using optional rendering extensions: GL_KHR_debug, GL_ARB_vertex_attrib_binding, GL_ARB_direct_state_access
[12:42:42] [Download-1/INFO] (Minecraft) Could not authorize you against Realms server: Invalid session id
[12:42:42] [Download-1/ERROR] (Minecraft) Failed to fetch Realms feature flags
net.minecraft.client.realms.exception.RealmsServiceException: Realms authentication error with message 'Invalid session id'
	at knot/net.minecraft.client.realms.RealmsClient.execute(RealmsClient.java:495) ~[minecraft-clientOnly-aefb5c6627-1.21.5-net.fabricmc.yarn.1_21_5.1.21.5+build.1-v2.jar:?]
	at knot/net.minecraft.client.realms.RealmsClient.fetchFeatureFlags(RealmsClient.java:177) ~[minecraft-clientOnly-aefb5c6627-1.21.5-net.fabricmc.yarn.1_21_5.1.21.5+build.1-v2.jar:?]
	at java.base/java.util.concurrent.CompletableFuture$AsyncSupply.run(CompletableFuture.java:1768) ~[?:?]
	at java.base/java.util.concurrent.ThreadPoolExecutor.runWorker(ThreadPoolExecutor.java:1144) ~[?:?]
	at java.base/java.util.concurrent.ThreadPoolExecutor$Worker.run(ThreadPoolExecutor.java:642) ~[?:?]
	at java.base/java.lang.Thread.run(Thread.java:1583) [?:?]
[12:42:42] [Render thread/INFO] (Minecraft) Reloading ResourceManager: vanilla, fabric, fabric-api, fabric-api-base, fabric-api-lookup-api-v1, fabric-biome-api-v1, fabric-block-api-v1, fabric-block-view-api-v2, fabric-blockrenderlayer-v1, fabric-client-gametest-api-v1, fabric-client-tags-api-v1, fabric-command-api-v1, fabric-command-api-v2, fabric-commands-v0, fabric-content-registries-v0, fabric-convention-tags-v1, fabric-convention-tags-v2, fabric-crash-report-info-v1, fabric-data-attachment-api-v1, fabric-data-generation-api-v1, fabric-dimensions-v1, fabric-entity-events-v1, fabric-events-interaction-v0, fabric-game-rule-api-v1, fabric-gametest-api-v1, fabric-item-api-v1, fabric-item-group-api-v1, fabric-key-binding-api-v1, fabric-keybindings-v0, fabric-lifecycle-events-v1, fabric-loot-api-v2, fabric-loot-api-v3, fabric-message-api-v1, fabric-model-loading-api-v1, fabric-networking-api-v1, fabric-object-builder-api-v1, fabric-particles-v1, fabric-recipe-api-v1, fabric-registry-sync-v0, fabric-renderer-api-v1, fabric-renderer-indigo, fabric-rendering-data-attachment-v1, fabric-rendering-fluids-v1, fabric-rendering-v1, fabric-resource-conditions-api-v1, fabric-resource-loader-v0, fabric-screen-api-v1, fabric-screen-handler-api-v1, fabric-sound-api-v1, fabric-tag-api-v1, fabric-transfer-api-v1, fabric-transitive-access-wideners-v1, fabricloader
[12:42:42] [Worker-Main-4/INFO] (Minecraft) Found unifont_all_no_pua-16.0.01.hex, loading
[12:42:43] [Worker-Main-4/INFO] (Minecraft) Found unifont_jp_patch-16.0.01.hex, loading
[12:42:45] [Render thread/WARN] (Minecraft) minecraft:pipeline/entity_translucent_emissive shader program does not use sampler Sampler2 defined in the pipeline. This might be a bug.
[12:42:45] [Render thread/INFO] (Minecraft) OpenAL initialized on device OpenAL Soft on Speakers (Logitech PRO X Gaming Headset)
[12:42:45] [Render thread/INFO] (Minecraft) Sound engine started
[12:42:45] [Render thread/INFO] (Minecraft) Created: 1024x512x4 minecraft:textures/atlas/blocks.png-atlas
[12:42:45] [Render thread/INFO] (Minecraft) Created: 256x256x4 minecraft:textures/atlas/signs.png-atlas
[12:42:45] [Render thread/INFO] (Minecraft) Created: 512x512x4 minecraft:textures/atlas/banner_patterns.png-atlas
[12:42:45] [Render thread/INFO] (Minecraft) Created: 512x512x4 minecraft:textures/atlas/shield_patterns.png-atlas
[12:42:45] [Render thread/INFO] (Minecraft) Created: 2048x1024x4 minecraft:textures/atlas/armor_trims.png-atlas
[12:42:45] [Render thread/INFO] (Minecraft) Created: 256x256x4 minecraft:textures/atlas/chest.png-atlas
[12:42:45] [Render thread/INFO] (Minecraft) Created: 128x64x4 minecraft:textures/atlas/decorated_pot.png-atlas
[12:42:45] [Render thread/INFO] (Minecraft) Created: 512x256x4 minecraft:textures/atlas/beds.png-atlas
[12:42:45] [Render thread/INFO] (Minecraft) Created: 512x256x4 minecraft:textures/atlas/shulker_boxes.png-atlas
[12:42:46] [Render thread/INFO] (Minecraft) Created: 64x64x0 minecraft:textures/atlas/map_decorations.png-atlas
[12:42:46] [Render thread/INFO] (Minecraft) Created: 512x256x0 minecraft:textures/atlas/particles.png-atlas
[12:42:46] [Render thread/INFO] (Minecraft) Created: 512x256x0 minecraft:textures/atlas/paintings.png-atlas
[12:42:46] [Render thread/INFO] (Minecraft) Created: 256x128x0 minecraft:textures/atlas/mob_effects.png-atlas
[12:42:46] [Render thread/INFO] (Minecraft) Created: 1024x512x0 minecraft:textures/atlas/gui.png-atlas
[12:42:55] [Render thread/INFO] (Minecraft) Loaded 1373 recipes
[12:42:55] [Render thread/INFO] (Minecraft) Loaded 1484 advancements
[12:43:04] [Render thread/INFO] (BiomeModificationImpl) Applied 0 biome modifications to 0 of 65 new biomes in 1.845 ms
[12:43:04] [Server thread/INFO] (Minecraft) Starting integrated minecraft server version 1.21.5
[12:43:04] [Server thread/INFO] (Minecraft) Generating keypair
[12:43:08] [Server thread/INFO] (Minecraft) Preparing start region for dimension minecraft:overworld
[12:43:08] [Render thread/INFO] (Minecraft) Preparing spawn area: 2%
[12:43:09] [Render thread/INFO] (Minecraft) Preparing spawn area: 2%
[12:43:09] [Render thread/INFO] (Minecraft) Preparing spawn area: 2%
[12:43:10] [Render thread/INFO] (Minecraft) Preparing spawn area: 2%
[12:43:10] [Render thread/INFO] (Minecraft) Preparing spawn area: 18%
[12:43:11] [Render thread/INFO] (Minecraft) Preparing spawn area: 18%
[12:43:11] [Render thread/INFO] (Minecraft) Preparing spawn area: 22%
[12:43:12] [Render thread/INFO] (Minecraft) Preparing spawn area: 51%
[12:43:12] [Render thread/INFO] (Minecraft) Preparing spawn area: 51%
[12:43:13] [Render thread/INFO] (Minecraft) Preparing spawn area: 63%
[12:43:13] [Render thread/INFO] (Minecraft) Time elapsed: 4525 ms
[12:43:13] [Server thread/INFO] (Minecraft) Changing view distance to 12, from 10
[12:43:13] [Server thread/INFO] (Minecraft) Changing simulation distance to 12, from 0
[12:43:15] [Server thread/INFO] (Minecraft) Player275[local:E:c15b2c1e] logged in with entity id 1 at (-77.5, 85.0, -70.5)
[12:43:15] [Server thread/INFO] (Minecraft) Player275 joined the game
[12:43:16] [Render thread/INFO] (Minecraft) Loaded 2 advancements
[12:43:20] [Server thread/INFO] (Minecraft) Saving and pausing game...
[12:43:20] [Server thread/INFO] (Minecraft) Saving chunks for level 'ServerLevel[test world]'/minecraft:overworld
[12:43:20] [Server thread/INFO] (Minecraft) Saving chunks for level 'ServerLevel[test world]'/minecraft:the_end
[12:43:20] [Server thread/INFO] (Minecraft) Saving chunks for level 'ServerLevel[test world]'/minecraft:the_nether
[12:43:34] [Server thread/INFO] (Minecraft) Saving and pausing game...
[12:43:34] [Server thread/INFO] (Minecraft) Saving chunks for level 'ServerLevel[test world]'/minecraft:overworld
[12:43:34] [Server thread/INFO] (Minecraft) Saving chunks for level 'ServerLevel[test world]'/minecraft:the_end
[12:43:34] [Server thread/INFO] (Minecraft) Saving chunks for level 'ServerLevel[test world]'/minecraft:the_nether
[12:43:34] [Server thread/INFO] (Minecraft) Player275 lost connection: Disconnected
[12:43:34] [Server thread/INFO] (Minecraft) Player275 left the game
[12:43:34] [Server thread/INFO] (Minecraft) Stopping singleplayer server as player logged out
[12:43:34] [Server thread/INFO] (Minecraft) Stopping server
[12:43:34] [Server thread/INFO] (Minecraft) Saving players
[12:43:34] [Server thread/INFO] (Minecraft) Saving worlds
[12:43:35] [Server thread/INFO] (Minecraft) Saving chunks for level 'ServerLevel[test world]'/minecraft:overworld
[12:43:36] [Server thread/INFO] (Minecraft) Saving chunks for level 'ServerLevel[test world]'/minecraft:the_end
[12:43:36] [Server thread/INFO] (Minecraft) Saving chunks for level 'ServerLevel[test world]'/minecraft:the_nether
[12:43:36] [Server thread/INFO] (Minecraft) ThreadedAnvilChunkStorage (test world): All chunks are saved
[12:43:36] [Server thread/INFO] (Minecraft) ThreadedAnvilChunkStorage (DIM1): All chunks are saved
[12:43:36] [Server thread/INFO] (Minecraft) ThreadedAnvilChunkStorage (DIM-1): All chunks are saved
[12:43:36] [Server thread/INFO] (Minecraft) ThreadedAnvilChunkStorage: All dimensions are saved
[12:43:37] [Render thread/INFO] (Minecraft) Stopping!
